<?xml version="1.0" encoding="UTF-8"?>
<!-- Generated by org.testng.reporters.JUnitReportReporter -->
<testsuite hostname="DESKTOP-TG07KJ2" failures="0" tests="1" name="marshal.com.SearchStoreByCityStateTest" time="27.611" errors="0" timestamp="2024-09-25T21:32:40 CDT" skipped="0">
  <testcase classname="marshal.com.SearchStoreByCityStateTest" name="testSearchStoreByCityStateDirections" time="27.611"/>
</testsuite> <!-- marshal.com.SearchStoreByCityStateTest -->
