<?xml version="1.0" encoding="UTF-8"?>
<!-- Generated by org.testng.reporters.JUnitReportReporter -->
<testsuite hostname="DESKTOP-TG07KJ2" failures="0" tests="1" name="marshal.com.StoreTestNGTest" time="28.901" errors="0" timestamp="2024-09-25T20:09:16 CDT" skipped="0">
  <testcase classname="marshal.com.StoreTestNGTest" name="testSearchStoreByCityStateDirections" time="28.901"/>
</testsuite> <!-- marshal.com.StoreTestNGTest -->
