<?xml version="1.0" encoding="UTF-8"?>
<!-- Generated by org.testng.reporters.JUnitReportReporter -->
<testsuite hostname="DESKTOP-TG07KJ2" failures="0" tests="1" name="favorites.com.AddItemToFavoritesTest" time="20.499" errors="0" timestamp="2024-09-25T22:36:50 CDT" skipped="0">
  <testcase classname="favorites.com.AddItemToFavoritesTest" name="testFAQReturns" time="20.499"/>
</testsuite> <!-- favorites.com.AddItemToFavoritesTest -->
