<?xml version="1.0" encoding="UTF-8"?>
<!-- Generated by org.testng.reporters.JUnitReportReporter -->
<testsuite hostname="DESKTOP-TG07KJ2" failures="0" tests="1" name="bag.com.AddProductToBagTest" time="27.351" errors="0" timestamp="2024-09-26T22:09:16 CDT" skipped="0">
  <testcase classname="bag.com.AddProductToBagTest" name="testUntitledTestCase" time="27.351"/>
</testsuite> <!-- bag.com.AddProductToBagTest -->
