<?xml version="1.0" encoding="UTF-8"?>
<!-- Generated by org.testng.reporters.JUnitReportReporter -->
<testsuite hostname="DESKTOP-TG07KJ2" failures="0" tests="1" name="store.com.SearchStoreByCityStateTest" time="24.325" errors="0" timestamp="2024-09-26T22:09:16 CDT" skipped="0">
  <testcase classname="store.com.SearchStoreByCityStateTest" name="testSearchStoreByCityStateDirections" time="24.325"/>
</testsuite> <!-- store.com.SearchStoreByCityStateTest -->
