<?xml version="1.0" encoding="UTF-8"?>
<!-- Generated by org.testng.reporters.JUnitReportReporter -->
<testsuite hostname="DESKTOP-TG07KJ2" failures="0" tests="1" name="product.com.SearchNonExistentProductTest" time="13.954" errors="0" timestamp="2024-09-26T22:09:16 CDT" skipped="0">
  <testcase classname="product.com.SearchNonExistentProductTest" name="testUntitledTestCase" time="13.954"/>
</testsuite> <!-- product.com.SearchNonExistentProductTest -->
