<?xml version="1.0" encoding="UTF-8"?>
<!-- Generated by org.testng.reporters.JUnitReportReporter -->
<testsuite hostname="DESKTOP-TG07KJ2" failures="0" tests="1" name="store.com.SearchStoreByZipCodeTest" time="21.034" errors="0" timestamp="2024-09-26T22:09:16 CDT" skipped="0">
  <testcase classname="store.com.SearchStoreByZipCodeTest" name="testSearchStoreByZipCode" time="21.034"/>
</testsuite> <!-- store.com.SearchStoreByZipCodeTest -->
