<?xml version="1.0" encoding="UTF-8"?>
<!-- Generated by org.testng.reporters.JUnitReportReporter -->
<testsuite hostname="DESKTOP-TG07KJ2" failures="0" tests="1" name="bag.com.RemoveProductToBagTest" time="31.648" errors="0" timestamp="2024-09-26T22:09:16 CDT" skipped="0">
  <testcase classname="bag.com.RemoveProductToBagTest" name="testUntitledTestCase" time="31.648"/>
</testsuite> <!-- bag.com.RemoveProductToBagTest -->
