<?xml version="1.0" encoding="UTF-8"?>
<!-- Generated by org.testng.reporters.JUnitReportReporter -->
<testsuite hostname="DESKTOP-TG07KJ2" failures="0" tests="1" name="product.com.SearchProductByNameTest" time="20.887" errors="0" timestamp="2024-09-26T22:09:16 CDT" skipped="0">
  <testcase classname="product.com.SearchProductByNameTest" name="testUntitledTestCase" time="20.887"/>
</testsuite> <!-- product.com.SearchProductByNameTest -->
